<?xml version="1.0" encoding="UTF-8"?>
<testng-results ignored="0" total="1" passed="1" failed="0" skipped="0">
  <reporter-output>
  </reporter-output>
  <suite started-at="2025-06-10T12:08:16 CEST" name="Surefire suite" finished-at="2025-06-10T12:08:16 CEST" duration-ms="11">
    <groups>
    </groups>
    <test started-at="2025-06-10T12:08:16 CEST" name="Surefire test" finished-at="2025-06-10T12:08:16 CEST" duration-ms="11">
      <class name="it.leonardo.lez04_blog.AppTest">
        <test-method signature="testApp()[pri:0, instance:testApp(it.leonardo.lez04_blog.AppTest)]" started-at="2025-06-10T12:08:16 CEST" name="testApp" finished-at="2025-06-10T12:08:16 CEST" duration-ms="4" status="PASS">
          <reporter-output>
          </reporter-output>
        </test-method> <!-- testApp -->
      </class> <!-- it.leonardo.lez04_blog.AppTest -->
    </test> <!-- Surefire test -->
  </suite> <!-- Surefire suite -->
</testng-results>
